
template 
{
    name = "template_485";
    type = TEXTUAL;
    width = 80;
    maxheight = 1000;
    columns = (1, 1);
    gap = 1;
    fillpolicy = EVEN;
    filldirection = HORIZONTAL;
    margins = (4, 0, 0, 0);
    gridxspacing = 1;
    gridyspacing = 1;
    version = 3.21;
    created = "29.10.2004 12:02";
    modified = "12.08.2013 16:13";
    notes = "Converted template";

    row _tmp_2315
    {
        name = "Strand";
        height = 32;
        visibility = TRUE;
        usecolumns = FALSE;
        rule = "";
        contenttype = "STRAND";
        sorttype = COMBINE;

        valuefield _tmp_127973
        {
            name = "ValueField_13";
            location = (1, 24);
            formula = "\" \"";
            datatype = STRING;
            class = "";
            cacheable = TRUE;
            justify = LEFT;
            visibility = TRUE;
            angle = 0;
            length = 1;
            decimals = 0;
            sortdirection = NONE;
            fontname = "Courier New";
            fontcolor = 153;
            fonttype = 2;
            fontsize = 5;
            fontratio = 1.5;
            fontstyle = 0;
            fontslant = 0;
            pen = -1;
            oncombine = NONE;
        };

        valuefield _tmp_127974
        {
            name = "ValueField_14";
            location = (1, 28);
            formula = "\" \"";
            datatype = STRING;
            class = "";
            cacheable = TRUE;
            justify = LEFT;
            visibility = TRUE;
            angle = 0;
            length = 1;
            decimals = 0;
            sortdirection = NONE;
            fontname = "Courier New";
            fontcolor = 153;
            fonttype = 2;
            fontsize = 5;
            fontratio = 1.5;
            fontstyle = 0;
            fontslant = 0;
            pen = -1;
            oncombine = NONE;
        };

        valuefield _tmp_127975
        {
            name = "GUID";
            location = (1, 4);
            formula = "\"GUID\"";
            datatype = STRING;
            class = "";
            cacheable = TRUE;
            justify = LEFT;
            visibility = TRUE;
            angle = 0;
            length = 30;
            decimals = 0;
            sortdirection = NONE;
            fontname = "Courier New";
            fontcolor = 153;
            fonttype = 2;
            fontsize = 5;
            fontratio = 1.5;
            fontstyle = 0;
            fontslant = 0;
            pen = -1;
            oncombine = NONE;
        };

        valuefield _tmp_127976
        {
            name = "ValueField_15";
            location = (1, 17);
            formula = "\" \"";
            datatype = STRING;
            class = "";
            cacheable = TRUE;
            justify = LEFT;
            visibility = TRUE;
            angle = 0;
            length = 1;
            decimals = 0;
            sortdirection = NONE;
            fontname = "Courier New";
            fontcolor = 153;
            fonttype = 2;
            fontsize = 5;
            fontratio = 1.5;
            fontstyle = 0;
            fontslant = 0;
            pen = -1;
            oncombine = NONE;
        };

        valuefield _tmp_127977
        {
            name = "CastUnit";
            location = (1, 8);
            formula = "GetValue(\"TranslatedText(\"albl_Cast_unit\")\")";
            datatype = STRING;
            class = "";
            cacheable = TRUE;
            justify = LEFT;
            visibility = TRUE;
            angle = 0;
            length = 30;
            decimals = 0;
            sortdirection = NONE;
            fontname = "Courier New";
            fontcolor = 153;
            fonttype = 2;
            fontsize = 5;
            fontratio = 1.5;
            fontstyle = 0;
            fontslant = 0;
            pen = -1;
            oncombine = NONE;
        };

        valuefield _tmp_127978
        {
            name = "Grids";
            location = (1, 7);
            formula = "GetValue(\"TranslatedText(\"albl_Grids\")\")";
            datatype = STRING;
            class = "";
            cacheable = TRUE;
            justify = LEFT;
            visibility = FALSE;
            angle = 0;
            length = 30;
            decimals = 0;
            sortdirection = NONE;
            fontname = "Courier New";
            fontcolor = 153;
            fonttype = 2;
            fontsize = 0.8;
            fontratio = 0.75;
            fontstyle = 0;
            fontslant = 0;
            pen = 0;
            oncombine = NONE;
        };

        valuefield _tmp_127979
        {
            name = "ValueField_16";
            location = (1, 13);
            formula = "\" \"";
            datatype = STRING;
            class = "";
            cacheable = TRUE;
            justify = LEFT;
            visibility = TRUE;
            angle = 0;
            length = 1;
            decimals = 0;
            sortdirection = NONE;
            fontname = "Courier New";
            fontcolor = 153;
            fonttype = 2;
            fontsize = 5;
            fontratio = 1.5;
            fontstyle = 0;
            fontslant = 0;
            pen = -1;
            oncombine = NONE;
        };

        valuefield _tmp_127980
        {
            name = "ValueField_18";
            location = (1, 6);
            formula = "\" \"";
            datatype = STRING;
            class = "";
            cacheable = TRUE;
            justify = LEFT;
            visibility = TRUE;
            angle = 0;
            length = 1;
            decimals = 0;
            sortdirection = NONE;
            fontname = "Courier New";
            fontcolor = 153;
            fonttype = 2;
            fontsize = 5;
            fontratio = 1.5;
            fontstyle = 0;
            fontslant = 0;
            pen = -1;
            oncombine = NONE;
        };

        valuefield _tmp_127981
        {
            name = "ValueField_19";
            location = (1, 3);
            formula = "\" \"";
            datatype = STRING;
            class = "";
            cacheable = TRUE;
            justify = LEFT;
            visibility = TRUE;
            angle = 0;
            length = 1;
            decimals = 0;
            sortdirection = NONE;
            fontname = "Courier New";
            fontcolor = 153;
            fonttype = 2;
            fontsize = 5;
            fontratio = 1.5;
            fontstyle = 0;
            fontslant = 0;
            pen = -1;
            oncombine = NONE;
        };

        valuefield _tmp_127982
        {
            name = "Quantity";
            location = (1, 18);
            formula = "GetValue(\"TranslatedText(\"albl_Qty\")\")";
            datatype = STRING;
            class = "";
            cacheable = TRUE;
            justify = LEFT;
            visibility = TRUE;
            angle = 0;
            length = 30;
            decimals = 0;
            sortdirection = NONE;
            fontname = "Courier New";
            fontcolor = 153;
            fonttype = 2;
            fontsize = 5;
            fontratio = 1.5;
            fontstyle = 0;
            fontslant = 0;
            pen = -1;
            oncombine = NONE;
        };

        valuefield _tmp_127983
        {
            name = "GRADE";
            location = (33, 19);
            formula = "GetValue(\"GRADE\")";
            datatype = STRING;
            class = "";
            cacheable = TRUE;
            justify = LEFT;
            visibility = TRUE;
            angle = 0;
            length = 30;
            decimals = 0;
            sortdirection = ASCENDING;
            fontname = "Courier New";
            fontcolor = 153;
            fonttype = 2;
            fontsize = 1;
            fontratio = 1;
            fontstyle = 0;
            fontslant = 0;
            pen = 0;
            oncombine = NONE;
        };

        valuefield _tmp_127984
        {
            name = "CATALOG_NAME";
            location = (33, 25);
            formula = "GetValue(\"CATALOG_NAME\")";
            datatype = STRING;
            class = "";
            cacheable = TRUE;
            justify = LEFT;
            visibility = FALSE;
            angle = 0;
            length = 30;
            decimals = 0;
            sortdirection = ASCENDING;
            fontname = "Courier New";
            fontcolor = 153;
            fonttype = 2;
            fontsize = 1;
            fontratio = 1;
            fontstyle = 0;
            fontslant = 0;
            pen = 0;
            oncombine = NONE;
        };

        valuefield _tmp_127985
        {
            name = "REBAR_POS";
            location = (33, 27);
            formula = "GetValue(\"REBAR_POS\")";
            datatype = STRING;
            class = "";
            cacheable = TRUE;
            justify = LEFT;
            visibility = TRUE;
            angle = 0;
            length = 30;
            decimals = 0;
            sortdirection = ASCENDING;
            fontname = "Courier New";
            fontcolor = 153;
            fonttype = 2;
            fontsize = 1;
            fontratio = 1;
            fontstyle = 0;
            fontslant = 0;
            pen = 0;
            oncombine = NONE;
        };

        valuefield _tmp_127988
        {
            name = "CLASS";
            location = (33, 23);
            formula = "GetValue(\"CLASS\")";
            datatype = STRING;
            class = "";
            cacheable = TRUE;
            justify = LEFT;
            visibility = TRUE;
            angle = 0;
            length = 30;
            decimals = 0;
            sortdirection = NONE;
            fontname = "Courier New";
            fontcolor = 153;
            fonttype = 2;
            fontsize = 1;
            fontratio = 1;
            fontstyle = 0;
            fontslant = 0;
            pen = 0;
            oncombine = NONE;
        };

        valuefield _tmp_127989
        {
            name = "MATERIAL";
            location = (33, 1);
            formula = "GetValue(\"MATERIAL\")";
            datatype = STRING;
            class = "";
            cacheable = TRUE;
            justify = LEFT;
            visibility = FALSE;
            angle = 0;
            length = 30;
            decimals = 0;
            sortdirection = NONE;
            fontname = "Courier New";
            fontcolor = 153;
            fonttype = 2;
            fontsize = 1;
            fontratio = 1;
            fontstyle = 0;
            fontslant = 0;
            pen = 0;
            oncombine = NONE;
        };

        valuefield _tmp_127990
        {
            name = "NAME";
            location = (33, 26);
            formula = "GetValue(\"NAME\")";
            datatype = STRING;
            class = "";
            cacheable = TRUE;
            justify = LEFT;
            visibility = TRUE;
            angle = 0;
            length = 30;
            decimals = 0;
            sortdirection = NONE;
            fontname = "Courier New";
            fontcolor = 153;
            fonttype = 2;
            fontsize = 1;
            fontratio = 1;
            fontstyle = 0;
            fontslant = 0;
            pen = 0;
            oncombine = NONE;
        };

        valuefield _tmp_127991
        {
            name = "MODEL_TOTAL";
            location = (33, 2);
            formula = "GetValue(\"MODEL_TOTAL\")";
            datatype = INTEGER;
            class = "";
            cacheable = TRUE;
            justify = LEFT;
            visibility = FALSE;
            angle = 0;
            length = 30;
            decimals = 0;
            sortdirection = NONE;
            fontname = "Courier New";
            fontcolor = 153;
            fonttype = 2;
            fontsize = 1;
            fontratio = 1;
            fontstyle = 0;
            fontslant = 0;
            pen = 0;
            oncombine = NONE;
        };

        valuefield _tmp_127992
        {
            name = "WEIGHT_MAX";
            location = (33, 14);
            formula = "if GetValue(\"ADVANCED_OPTION.XS_IMPERIAL\")==\"TRUE\" then\nformat(GetValue(\"WEIGHT_MAX\"),\"Weight\",\"lbf\",1 ) + \" lbf\"\nelse\nformat(GetValue(\"WEIGHT_MAX\"),\"Weight\",\"kg\",1 )+\" kg\"\nendif";
            datatype = STRING;
            class = "Weight";
            cacheable = TRUE;
            justify = LEFT;
            visibility = TRUE;
            angle = 0;
            length = 30;
            decimals = 1;
            sortdirection = NONE;
            fontname = "Courier New";
            fontcolor = 153;
            fonttype = 2;
            fontsize = 1;
            fontratio = 1;
            fontstyle = 0;
            fontslant = 0;
            pen = 0;
            oncombine = NONE;
        };

        valuefield _tmp_127993
        {
            name = "PART.GUID";
            location = (33, 5);
            formula = "GetValue(\"PART.GUID\")";
            datatype = STRING;
            class = "";
            cacheable = TRUE;
            justify = LEFT;
            visibility = TRUE;
            angle = 0;
            length = 40;
            decimals = 0;
            sortdirection = NONE;
            fontname = "Courier New";
            fontcolor = 153;
            fonttype = 2;
            fontsize = 1;
            fontratio = 1;
            fontstyle = 0;
            fontslant = 0;
            pen = 0;
            oncombine = NONE;
        };

        valuefield _tmp_127994
        {
            name = "SIZE";
            location = (33, 16);
            formula = "if GetValue(\"ADVANCED_OPTION.XS_IMPERIAL\")==\"TRUE\" then\nGetValue(\"SIZE\")\nelse\nGetValue(\"SIZE\")+\" mm\"\nendif";
            datatype = STRING;
            class = "";
            cacheable = TRUE;
            justify = LEFT;
            visibility = TRUE;
            angle = 0;
            length = 40;
            decimals = 0;
            sortdirection = ASCENDING;
            fontname = "Courier New";
            fontcolor = 153;
            fonttype = 2;
            fontsize = 1;
            fontratio = 1;
            fontstyle = 0;
            fontslant = 0;
            pen = 0;
            oncombine = NONE;
        };

        valuefield _tmp_127995
        {
            name = "PHASE";
            location = (33, 21);
            formula = "GetValue(\"PHASE\")";
            datatype = INTEGER;
            class = "";
            cacheable = TRUE;
            justify = LEFT;
            visibility = TRUE;
            angle = 0;
            length = 30;
            decimals = 0;
            sortdirection = NONE;
            fontname = "Courier New";
            fontcolor = 153;
            fonttype = 2;
            fontsize = 1;
            fontratio = 1;
            fontstyle = 0;
            fontslant = 0;
            pen = 0;
            oncombine = NONE;
        };

        valuefield _tmp_127996
        {
            name = "PHASE.NAME";
            location = (33, 22);
            formula = "GetValue(\"PHASE.NAME\")";
            datatype = STRING;
            class = "";
            cacheable = TRUE;
            justify = LEFT;
            visibility = TRUE;
            angle = 0;
            length = 30;
            decimals = 0;
            sortdirection = NONE;
            fontname = "Courier New";
            fontcolor = 153;
            fonttype = 2;
            fontsize = 1;
            fontratio = 1;
            fontstyle = 0;
            fontslant = 0;
            pen = 0;
            oncombine = NONE;
        };

        valuefield _tmp_127997
        {
            name = "PosMark";
            location = (1, 27);
            formula = "GetValue(\"TranslatedText(\"albl_Position\")\")";
            datatype = STRING;
            class = "";
            cacheable = TRUE;
            justify = LEFT;
            visibility = TRUE;
            angle = 0;
            length = 30;
            decimals = 0;
            sortdirection = NONE;
            fontname = "Courier New";
            fontcolor = 153;
            fonttype = 2;
            fontsize = 5;
            fontratio = 1.5;
            fontstyle = 0;
            fontslant = 0;
            pen = -1;
            oncombine = NONE;
        };

        valuefield _tmp_127998
        {
            name = "Grade";
            location = (1, 19);
            formula = "GetValue(\"TranslatedText(\"albl_Grade\")\")";
            datatype = STRING;
            class = "";
            cacheable = TRUE;
            justify = LEFT;
            visibility = TRUE;
            angle = 0;
            length = 30;
            decimals = 0;
            sortdirection = NONE;
            fontname = "Courier New";
            fontcolor = 153;
            fonttype = 2;
            fontsize = 5;
            fontratio = 1.5;
            fontstyle = 0;
            fontslant = 0;
            pen = -1;
            oncombine = NONE;
        };

        valuefield _tmp_127999
        {
            name = "CatalogName";
            location = (1, 25);
            formula = "GetValue(\"TranslatedText(\"albl_Catalog_Name\")\")";
            datatype = STRING;
            class = "";
            cacheable = TRUE;
            justify = LEFT;
            visibility = FALSE;
            angle = 0;
            length = 30;
            decimals = 0;
            sortdirection = NONE;
            fontname = "Courier New";
            fontcolor = 153;
            fonttype = 2;
            fontsize = 5;
            fontratio = 1.5;
            fontstyle = 0;
            fontslant = 0;
            pen = -1;
            oncombine = NONE;
        };

        valuefield _tmp_128000
        {
            name = "Size";
            location = (1, 16);
            formula = "GetValue(\"TranslatedText(\"albl_Size\")\")";
            datatype = STRING;
            class = "";
            cacheable = TRUE;
            justify = LEFT;
            visibility = TRUE;
            angle = 0;
            length = 30;
            decimals = 0;
            sortdirection = NONE;
            fontname = "Courier New";
            fontcolor = 153;
            fonttype = 2;
            fontsize = 5;
            fontratio = 1.5;
            fontstyle = 0;
            fontslant = 0;
            pen = -1;
            oncombine = NONE;
        };

        valuefield _tmp_128001
        {
            name = "Class";
            location = (1, 23);
            formula = "GetValue(\"TranslatedText(\"albl_Class\")\")";
            datatype = STRING;
            class = "";
            cacheable = TRUE;
            justify = LEFT;
            visibility = TRUE;
            angle = 0;
            length = 30;
            decimals = 0;
            sortdirection = NONE;
            fontname = "Courier New";
            fontcolor = 153;
            fonttype = 2;
            fontsize = 5;
            fontratio = 1.5;
            fontstyle = 0;
            fontslant = 0;
            pen = -1;
            oncombine = NONE;
        };

        valuefield _tmp_128002
        {
            name = "Material";
            location = (1, 1);
            formula = "GetValue(\"TranslatedText(\"albl_Material\")\")";
            datatype = STRING;
            class = "";
            cacheable = TRUE;
            justify = LEFT;
            visibility = FALSE;
            angle = 0;
            length = 30;
            decimals = 0;
            sortdirection = NONE;
            fontname = "Courier New";
            fontcolor = 153;
            fonttype = 2;
            fontsize = 5;
            fontratio = 1.5;
            fontstyle = 0;
            fontslant = 0;
            pen = -1;
            oncombine = NONE;
        };

        valuefield _tmp_128003
        {
            name = "PhaseNumber";
            location = (1, 21);
            formula = "GetValue(\"TranslatedText(\"albl_Phase_number\")\")";
            datatype = STRING;
            class = "";
            cacheable = TRUE;
            justify = LEFT;
            visibility = TRUE;
            angle = 0;
            length = 30;
            decimals = 0;
            sortdirection = NONE;
            fontname = "Courier New";
            fontcolor = 153;
            fonttype = 2;
            fontsize = 5;
            fontratio = 1.5;
            fontstyle = 0;
            fontslant = 0;
            pen = -1;
            oncombine = NONE;
        };

        valuefield _tmp_128004
        {
            name = "PhaseName";
            location = (1, 22);
            formula = "GetValue(\"TranslatedText(\"albl_Phase_name\")\")";
            datatype = STRING;
            class = "";
            cacheable = TRUE;
            justify = LEFT;
            visibility = TRUE;
            angle = 0;
            length = 30;
            decimals = 0;
            sortdirection = NONE;
            fontname = "Courier New";
            fontcolor = 153;
            fonttype = 2;
            fontsize = 5;
            fontratio = 1.5;
            fontstyle = 0;
            fontslant = 0;
            pen = -1;
            oncombine = NONE;
        };

        valuefield _tmp_128005
        {
            name = "Name";
            location = (1, 26);
            formula = "GetValue(\"TranslatedText(\"albl_Name\")\")";
            datatype = STRING;
            class = "";
            cacheable = TRUE;
            justify = LEFT;
            visibility = TRUE;
            angle = 0;
            length = 30;
            decimals = 0;
            sortdirection = NONE;
            fontname = "Courier New";
            fontcolor = 153;
            fonttype = 2;
            fontsize = 5;
            fontratio = 1.5;
            fontstyle = 0;
            fontslant = 0;
            pen = -1;
            oncombine = NONE;
        };

        valuefield _tmp_128006
        {
            name = "ModelTotal";
            location = (1, 2);
            formula = "GetValue(\"TranslatedText(\"albl_Total\")\") +\" \"+GetValue(\"TranslatedText(\"albl_in_model\")\")";
            datatype = STRING;
            class = "";
            cacheable = TRUE;
            justify = LEFT;
            visibility = FALSE;
            angle = 0;
            length = 30;
            decimals = 0;
            sortdirection = NONE;
            fontname = "Courier New";
            fontcolor = 153;
            fonttype = 2;
            fontsize = 0.8;
            fontratio = 0.75;
            fontstyle = 0;
            fontslant = 0;
            pen = 0;
            oncombine = NONE;
        };

        valuefield _tmp_128007
        {
            name = "FatherGUID";
            location = (1, 5);
            formula = "\"Father\" + \" \" + \"GUID\"";
            datatype = STRING;
            class = "";
            cacheable = TRUE;
            justify = LEFT;
            visibility = TRUE;
            angle = 0;
            length = 30;
            decimals = 0;
            sortdirection = NONE;
            fontname = "Courier New";
            fontcolor = 153;
            fonttype = 2;
            fontsize = 5;
            fontratio = 1.5;
            fontstyle = 0;
            fontslant = 0;
            pen = -1;
            oncombine = NONE;
        };

        valuefield _tmp_128010
        {
            name = "Weight";
            location = (1, 14);
            formula = "GetValue(\"TranslatedText(\"albl_Weight\")\")";
            datatype = STRING;
            class = "";
            cacheable = TRUE;
            justify = LEFT;
            visibility = TRUE;
            angle = 0;
            length = 30;
            decimals = 0;
            sortdirection = NONE;
            fontname = "Courier New";
            fontcolor = 153;
            fonttype = 2;
            fontsize = 5;
            fontratio = 1.5;
            fontstyle = 0;
            fontslant = 0;
            pen = -1;
            oncombine = NONE;
        };

        valuefield _tmp_128011
        {
            name = "GUID_field";
            location = (33, 4);
            formula = "GetValue(\"GUID\")";
            datatype = STRING;
            class = "";
            cacheable = TRUE;
            justify = LEFT;
            visibility = TRUE;
            angle = 0;
            length = 40;
            decimals = 0;
            sortdirection = NONE;
            fontname = "Courier New";
            fontcolor = 153;
            fonttype = 2;
            fontsize = 1;
            fontratio = 1;
            fontstyle = 0;
            fontslant = 0;
            pen = 0;
            oncombine = NONE;
        };

        valuefield _tmp_128012
        {
            name = "ValueField_23";
            location = (1, 20);
            formula = "\" \"";
            datatype = STRING;
            class = "";
            cacheable = TRUE;
            justify = LEFT;
            visibility = TRUE;
            angle = 0;
            length = 1;
            decimals = 0;
            sortdirection = NONE;
            fontname = "Courier New";
            fontcolor = 153;
            fonttype = 2;
            fontsize = 5;
            fontratio = 1.5;
            fontstyle = 0;
            fontslant = 0;
            pen = -1;
            oncombine = NONE;
        };

        valuefield _tmp_128013
        {
            name = "POSITION_CODE";
            location = (33, 7);
            formula = "GetValue(\"CAST_UNIT_POSITION_CODE\")";
            datatype = STRING;
            class = "";
            cacheable = TRUE;
            justify = LEFT;
            visibility = FALSE;
            angle = 0;
            length = 30;
            decimals = 0;
            sortdirection = NONE;
            fontname = "Courier New";
            fontcolor = 153;
            fonttype = 2;
            fontsize = 0.8;
            fontratio = 0.75;
            fontstyle = 0;
            fontslant = 0;
            pen = 0;
            oncombine = NONE;
        };

        valuefield _tmp_128014
        {
            name = "CAST_UNIT_POS";
            location = (33, 8);
            formula = "GetValue(\"CAST_UNIT_POS\")";
            datatype = STRING;
            class = "";
            cacheable = TRUE;
            justify = LEFT;
            visibility = TRUE;
            angle = 0;
            length = 30;
            decimals = 0;
            sortdirection = NONE;
            fontname = "Courier New";
            fontcolor = 153;
            fonttype = 2;
            fontsize = 5;
            fontratio = 1.5;
            fontstyle = 0;
            fontslant = 0;
            pen = -1;
            oncombine = NONE;
        };

        valuefield _tmp_128015
        {
            name = "STRAND_N_STRAND";
            location = (33, 18);
            formula = "GetValue(\"STRAND_N_STRAND\")";
            datatype = STRING;
            class = "";
            cacheable = TRUE;
            justify = LEFT;
            visibility = TRUE;
            angle = 0;
            length = 30;
            decimals = 0;
            sortdirection = ASCENDING;
            fontname = "Courier New";
            fontcolor = 153;
            fonttype = 2;
            fontsize = 1;
            fontratio = 1;
            fontstyle = 0;
            fontslant = 0;
            pen = 0;
            oncombine = NONE;
        };

        valuefield _tmp_128371
        {
            name = "ValueField_24";
            location = (1, 9);
            formula = "\" \"";
            datatype = STRING;
            class = "";
            cacheable = TRUE;
            justify = LEFT;
            visibility = TRUE;
            angle = 0;
            length = 1;
            decimals = 0;
            sortdirection = NONE;
            fontname = "Courier New";
            fontcolor = 153;
            fonttype = 2;
            fontsize = 5;
            fontratio = 1.5;
            fontstyle = 0;
            fontslant = 0;
            pen = -1;
            oncombine = NONE;
        };

        valuefield _tmp_129113
        {
            name = "LENGTH_MAX";
            location = (33, 15);
            formula = "if GetValue(\"ADVANCED_OPTION.XS_IMPERIAL\")==\"TRUE\" then\nformat(GetValue(\"LENGTH_MAX\"),\"Length\",\"inch-frac\", 1/16) + \" in\"\nelse\nformat(GetValue(\"LENGTH_MAX\"),\"Length\",\"mm\", 0)+\" mm\"\nendif";
            datatype = STRING;
            class = "Length";
            cacheable = TRUE;
            justify = LEFT;
            visibility = TRUE;
            angle = 0;
            length = 30;
            decimals = 0;
            sortdirection = NONE;
            fontname = "Courier New";
            fontcolor = 153;
            fonttype = 2;
            fontsize = 1;
            fontratio = 1;
            fontstyle = 0;
            fontslant = 0;
            pen = 0;
            oncombine = NONE;
        };

        valuefield _tmp_130235
        {
            name = "Length";
            location = (1, 15);
            formula = "GetValue(\"TranslatedText(\"albl_Length\")\")";
            datatype = STRING;
            class = "";
            cacheable = TRUE;
            justify = LEFT;
            visibility = TRUE;
            angle = 0;
            length = 30;
            decimals = 0;
            sortdirection = NONE;
            fontname = "Courier New";
            fontcolor = 153;
            fonttype = 2;
            fontsize = 5;
            fontratio = 1.5;
            fontstyle = 0;
            fontslant = 0;
            pen = -1;
            oncombine = NONE;
        };

        valuefield _tmp_132765
        {
            name = "STRAND_PULL_FORCE";
            location = (33, 11);
            formula = "if GetValue(\"ADVANCED_OPTION.XS_IMPERIAL\")==\"TRUE\" then\nformat(GetValue(\"STRAND_PULL_FORCE\"),\"Force\",\"lbf\", 0) + \" lbf\"\nelse\nformat(GetValue(\"STRAND_PULL_FORCE\"),\"Force\",\"kN\", 1)+\" kN\"\nendif";
            datatype = STRING;
            class = "Force";
            cacheable = TRUE;
            justify = LEFT;
            visibility = TRUE;
            angle = 0;
            length = 30;
            decimals = 1;
            sortdirection = NONE;
            fontname = "Courier New";
            fontcolor = 153;
            fonttype = 2;
            fontsize = 1;
            fontratio = 1;
            fontstyle = 0;
            fontslant = 0;
            pen = 0;
            oncombine = NONE;
        };

        valuefield _tmp_132766
        {
            name = "STRAND_N_PATTERN";
            location = (33, 12);
            formula = "GetValue(\"STRAND_N_PATTERN\")";
            datatype = INTEGER;
            class = "";
            cacheable = TRUE;
            justify = LEFT;
            visibility = TRUE;
            angle = 0;
            length = 30;
            decimals = 0;
            sortdirection = NONE;
            fontname = "Courier New";
            fontcolor = 153;
            fonttype = 2;
            fontsize = 1;
            fontratio = 1;
            fontstyle = 0;
            fontslant = 0;
            pen = 0;
            oncombine = NONE;
        };

        valuefield _tmp_132767
        {
            name = "STRAND_UNBONDED";
            location = (33, 10);
            formula = "GetValue(\"STRAND_UNBONDED\")";
            datatype = STRING;
            class = "";
            cacheable = TRUE;
            justify = LEFT;
            visibility = TRUE;
            angle = 0;
            length = 40;
            decimals = 0;
            sortdirection = NONE;
            fontname = "Courier New";
            fontcolor = 153;
            fonttype = 2;
            fontsize = 1;
            fontratio = 1;
            fontstyle = 0;
            fontslant = 0;
            pen = 0;
            oncombine = NONE;
        };

        valuefield _tmp_133682
        {
            name = "NumberNPatterns";
            location = (1, 12);
            formula = "GetValue(\"TranslatedText(\"albl_StrandNPattern\")\")";
            datatype = STRING;
            class = "";
            cacheable = TRUE;
            justify = LEFT;
            visibility = TRUE;
            angle = 0;
            length = 30;
            decimals = 0;
            sortdirection = NONE;
            fontname = "Courier New";
            fontcolor = 153;
            fonttype = 2;
            fontsize = 5;
            fontratio = 1.5;
            fontstyle = 0;
            fontslant = 0;
            pen = -1;
            oncombine = NONE;
        };

        valuefield _tmp_133683
        {
            name = "DebondedStrands";
            location = (1, 10);
            formula = "GetValue(\"TranslatedText(\"albl_StrandUnbondedStrands\")\")";
            datatype = STRING;
            class = "";
            cacheable = TRUE;
            justify = LEFT;
            visibility = TRUE;
            angle = 0;
            length = 30;
            decimals = 0;
            sortdirection = NONE;
            fontname = "Courier New";
            fontcolor = 153;
            fonttype = 2;
            fontsize = 5;
            fontratio = 1.5;
            fontstyle = 0;
            fontslant = 0;
            pen = -1;
            oncombine = NONE;
        };

        valuefield _tmp_133684
        {
            name = "PullPerStrand";
            location = (1, 11);
            formula = "GetValue(\"TranslatedText(\"albl_StrandPullForce\")\")";
            datatype = STRING;
            class = "";
            cacheable = TRUE;
            justify = LEFT;
            visibility = TRUE;
            angle = 0;
            length = 30;
            decimals = 0;
            sortdirection = NONE;
            fontname = "Courier New";
            fontcolor = 153;
            fonttype = 2;
            fontsize = 5;
            fontratio = 1.5;
            fontstyle = 0;
            fontslant = 0;
            pen = -1;
            oncombine = NONE;
        };

        valuefield _tmp_152874
        {
            name = "StrandPattern";
            location = (1, 30);
            formula = "GetValue(\"TranslatedText(\"albl_Strand_pattern\")\")";
            datatype = STRING;
            class = "";
            cacheable = TRUE;
            justify = LEFT;
            visibility = TRUE;
            angle = 0;
            length = 40;
            decimals = 0;
            sortdirection = NONE;
            fontname = "Courier New";
            fontcolor = 153;
            fonttype = 2;
            fontsize = 0.8;
            fontratio = 0.75;
            fontstyle = 0;
            fontslant = 0;
            pen = 0;
            oncombine = NONE;
        };

        text _tmp_152875
        {
            name = "Text_18";
            x1 = 1;
            y1 = 29;
            x2 = 1;
            y2 = 29;
            string = "______________________________________________________________________";
            fontname = "Courier New";
            fontcolor = 160;
            fonttype = 2;
            fontsize = 1;
            fontratio = 1;
            fontslant = 0;
            fontstyle = 0;
            angle = 0;
            justify = LEFT;
            pen = -1;
        };

        valuefield _tmp_152877
        {
            name = "ValueField";
            location = (1, 31);
            formula = "\" \"";
            datatype = STRING;
            class = "";
            cacheable = TRUE;
            justify = LEFT;
            visibility = TRUE;
            angle = 0;
            length = 1;
            decimals = 0;
            sortdirection = NONE;
            fontname = "Courier New";
            fontcolor = 153;
            fonttype = 2;
            fontsize = 5;
            fontratio = 1.5;
            fontstyle = 0;
            fontslant = 0;
            pen = -1;
            oncombine = NONE;
        };

        text _tmp_39290
        {
            name = ": ";
            x1 = 31;
            y1 = 27;
            x2 = 31;
            y2 = 27;
            string = ": ";
            fontname = "Arial Narrow";
            fontcolor = 153;
            fonttype = 2;
            fontsize = 2.5;
            fontratio = 1;
            fontslant = 0;
            fontstyle = 0;
            angle = 0;
            justify = LEFT;
            pen = -1;
        };

        text _tmp_39292
        {
            name = "Text";
            x1 = 31;
            y1 = 26;
            x2 = 31;
            y2 = 26;
            string = ": ";
            fontname = "Arial Narrow";
            fontcolor = 153;
            fonttype = 2;
            fontsize = 2.5;
            fontratio = 1;
            fontslant = 0;
            fontstyle = 0;
            angle = 0;
            justify = LEFT;
            pen = -1;
        };

        text _tmp_39294
        {
            name = "Text_3";
            x1 = 31;
            y1 = 23;
            x2 = 31;
            y2 = 23;
            string = ": ";
            fontname = "Arial Narrow";
            fontcolor = 153;
            fonttype = 2;
            fontsize = 2.5;
            fontratio = 1;
            fontslant = 0;
            fontstyle = 0;
            angle = 0;
            justify = LEFT;
            pen = -1;
        };

        text _tmp_39295
        {
            name = "Text_4";
            x1 = 31;
            y1 = 22;
            x2 = 31;
            y2 = 22;
            string = ": ";
            fontname = "Arial Narrow";
            fontcolor = 153;
            fonttype = 2;
            fontsize = 2.5;
            fontratio = 1;
            fontslant = 0;
            fontstyle = 0;
            angle = 0;
            justify = LEFT;
            pen = -1;
        };

        text _tmp_39296
        {
            name = "Text_5";
            x1 = 31;
            y1 = 21;
            x2 = 31;
            y2 = 21;
            string = ": ";
            fontname = "Arial Narrow";
            fontcolor = 153;
            fonttype = 2;
            fontsize = 2.5;
            fontratio = 1;
            fontslant = 0;
            fontstyle = 0;
            angle = 0;
            justify = LEFT;
            pen = -1;
        };

        text _tmp_39297
        {
            name = "Text_6";
            x1 = 31;
            y1 = 19;
            x2 = 31;
            y2 = 19;
            string = ": ";
            fontname = "Arial Narrow";
            fontcolor = 153;
            fonttype = 2;
            fontsize = 2.5;
            fontratio = 1;
            fontslant = 0;
            fontstyle = 0;
            angle = 0;
            justify = LEFT;
            pen = -1;
        };

        text _tmp_39298
        {
            name = "Text_7";
            x1 = 31;
            y1 = 18;
            x2 = 31;
            y2 = 18;
            string = ": ";
            fontname = "Arial Narrow";
            fontcolor = 153;
            fonttype = 2;
            fontsize = 2.5;
            fontratio = 1;
            fontslant = 0;
            fontstyle = 0;
            angle = 0;
            justify = LEFT;
            pen = -1;
        };

        text _tmp_39299
        {
            name = "Text_8";
            x1 = 31;
            y1 = 16;
            x2 = 31;
            y2 = 16;
            string = ": ";
            fontname = "Arial Narrow";
            fontcolor = 153;
            fonttype = 2;
            fontsize = 2.5;
            fontratio = 1;
            fontslant = 0;
            fontstyle = 0;
            angle = 0;
            justify = LEFT;
            pen = -1;
        };

        text _tmp_39300
        {
            name = "Text_9";
            x1 = 31;
            y1 = 15;
            x2 = 31;
            y2 = 15;
            string = ": ";
            fontname = "Arial Narrow";
            fontcolor = 153;
            fonttype = 2;
            fontsize = 2.5;
            fontratio = 1;
            fontslant = 0;
            fontstyle = 0;
            angle = 0;
            justify = LEFT;
            pen = -1;
        };

        text _tmp_39301
        {
            name = "Text_10";
            x1 = 31;
            y1 = 14;
            x2 = 31;
            y2 = 14;
            string = ": ";
            fontname = "Arial Narrow";
            fontcolor = 153;
            fonttype = 2;
            fontsize = 2.5;
            fontratio = 1;
            fontslant = 0;
            fontstyle = 0;
            angle = 0;
            justify = LEFT;
            pen = -1;
        };

        text _tmp_39302
        {
            name = "Text_11";
            x1 = 31;
            y1 = 12;
            x2 = 31;
            y2 = 12;
            string = ": ";
            fontname = "Arial Narrow";
            fontcolor = 153;
            fonttype = 2;
            fontsize = 2.5;
            fontratio = 1;
            fontslant = 0;
            fontstyle = 0;
            angle = 0;
            justify = LEFT;
            pen = -1;
        };

        text _tmp_39303
        {
            name = "Text_12";
            x1 = 31;
            y1 = 11;
            x2 = 31;
            y2 = 11;
            string = ": ";
            fontname = "Arial Narrow";
            fontcolor = 153;
            fonttype = 2;
            fontsize = 2.5;
            fontratio = 1;
            fontslant = 0;
            fontstyle = 0;
            angle = 0;
            justify = LEFT;
            pen = -1;
        };

        text _tmp_39304
        {
            name = "Text_13";
            x1 = 31;
            y1 = 10;
            x2 = 31;
            y2 = 10;
            string = ": ";
            fontname = "Arial Narrow";
            fontcolor = 153;
            fonttype = 2;
            fontsize = 2.5;
            fontratio = 1;
            fontslant = 0;
            fontstyle = 0;
            angle = 0;
            justify = LEFT;
            pen = -1;
        };

        text _tmp_39305
        {
            name = "Text_14";
            x1 = 31;
            y1 = 8;
            x2 = 31;
            y2 = 8;
            string = ": ";
            fontname = "Arial Narrow";
            fontcolor = 153;
            fonttype = 2;
            fontsize = 2.5;
            fontratio = 1;
            fontslant = 0;
            fontstyle = 0;
            angle = 0;
            justify = LEFT;
            pen = -1;
        };

        text _tmp_39307
        {
            name = "Text_16";
            x1 = 31;
            y1 = 5;
            x2 = 31;
            y2 = 5;
            string = ": ";
            fontname = "Arial Narrow";
            fontcolor = 153;
            fonttype = 2;
            fontsize = 2.5;
            fontratio = 1;
            fontslant = 0;
            fontstyle = 0;
            angle = 0;
            justify = LEFT;
            pen = -1;
        };

        text _tmp_39308
        {
            name = "Text_17";
            x1 = 31;
            y1 = 4;
            x2 = 31;
            y2 = 4;
            string = ": ";
            fontname = "Arial Narrow";
            fontcolor = 153;
            fonttype = 2;
            fontsize = 2.5;
            fontratio = 1;
            fontslant = 0;
            fontstyle = 0;
            angle = 0;
            justify = LEFT;
            pen = -1;
        };
    };

    row _tmp_49
    {
        name = "SINGLE_STRAND";
        height = 4;
        visibility = TRUE;
        usecolumns = FALSE;
        rule = "if (IsSet(\"STRAND_DEBOND_LEN_FROM_START_1\") || IsSet(\"STRAND_DEBOND_LEN_MIDDLE_TO_START_1\") || IsSet(\"STRAND_DEBOND_LEN_MIDDLE_TO_END_1\") || IsSet(\"STRAND_DEBOND_LEN_FROM_END_1\")) then\n  Output()\nelse\n  StepOver()\nendif";
        contenttype = "SINGLE_STRAND";
        sorttype = COMBINE;

        valuefield _tmp_50
        {
            name = "Qty";
            location = (3, 1);
            formula = "GetValue(\"TranslatedText(\"albl_Qty\")\")";
            datatype = STRING;
            class = "";
            cacheable = TRUE;
            justify = RIGHT;
            visibility = TRUE;
            angle = 0;
            length = 4;
            decimals = 0;
            sortdirection = NONE;
            fontname = "Courier New";
            fontcolor = 153;
            fonttype = 2;
            fontsize = 5;
            fontratio = 1.5;
            fontstyle = 0;
            fontslant = 0;
            pen = -1;
            oncombine = NONE;
        };

        valuefield _tmp_51
        {
            name = "LengthStart";
            location = (8, 1);
            formula = "GetValue(\"TranslatedText(\"albl_Start\")\")";
            datatype = STRING;
            class = "";
            cacheable = TRUE;
            justify = RIGHT;
            visibility = TRUE;
            angle = 0;
            length = 12;
            decimals = 0;
            sortdirection = NONE;
            fontname = "Courier New";
            fontcolor = 153;
            fonttype = 2;
            fontsize = 5;
            fontratio = 1.5;
            fontstyle = 0;
            fontslant = 0;
            pen = -1;
            oncombine = NONE;
        };

        text _tmp_52
        {
            name = "Text1";
            x1 = 0;
            y1 = 3;
            x2 = 0;
            y2 = 3;
            string = "--------------------------------------------------------------------------";
            fontname = "Courier New";
            fontcolor = 153;
            fonttype = 2;
            fontsize = 1;
            fontratio = 1;
            fontslant = 0;
            fontstyle = 0;
            angle = 0;
            justify = LEFT;
            pen = -1;
        };

        valuefield _tmp_53
        {
            name = "DebondingLength";
            location = (1, 2);
            formula = "\"Debonding\" +\" \" + GetValue(\"TranslatedText(\"albl_length\")\")";
            datatype = STRING;
            class = "";
            cacheable = TRUE;
            justify = LEFT;
            visibility = TRUE;
            angle = 0;
            length = 38;
            decimals = 0;
            sortdirection = NONE;
            fontname = "Courier New";
            fontcolor = 153;
            fonttype = 2;
            fontsize = 5;
            fontratio = 1.5;
            fontstyle = 0;
            fontslant = 0;
            pen = -1;
            oncombine = NONE;
        };

        valuefield _tmp_54
        {
            name = "LengthEnd";
            location = (59, 1);
            formula = "GetValue(\"TranslatedText(\"albl_End\")\")";
            datatype = STRING;
            class = "";
            cacheable = TRUE;
            justify = RIGHT;
            visibility = TRUE;
            angle = 0;
            length = 12;
            decimals = 0;
            sortdirection = NONE;
            fontname = "Courier New";
            fontcolor = 153;
            fonttype = 2;
            fontsize = 5;
            fontratio = 1.5;
            fontstyle = 0;
            fontslant = 0;
            pen = -1;
            oncombine = NONE;
        };

        valuefield _tmp_55
        {
            name = "Middle-End";
            location = (40, 1);
            formula = "GetValue(\"TranslatedText(\"j_d_j_middle\")\") + \" - \" + GetValue(\"TranslatedText(\"albl_End\")\") ";
            datatype = STRING;
            class = "";
            cacheable = TRUE;
            justify = RIGHT;
            visibility = TRUE;
            angle = 0;
            length = 18;
            decimals = 0;
            sortdirection = NONE;
            fontname = "Courier New";
            fontcolor = 153;
            fonttype = 2;
            fontsize = 5;
            fontratio = 1.5;
            fontstyle = 0;
            fontslant = 0;
            pen = -1;
            oncombine = NONE;
        };

        valuefield _tmp_56
        {
            name = "Middle-Start";
            location = (21, 1);
            formula = "GetValue(\"TranslatedText(\"j_d_j_middle\")\") + \" - \" + GetValue(\"TranslatedText(\"albl_Start\")\") ";
            datatype = STRING;
            class = "";
            cacheable = TRUE;
            justify = RIGHT;
            visibility = TRUE;
            angle = 0;
            length = 18;
            decimals = 0;
            sortdirection = NONE;
            fontname = "Courier New";
            fontcolor = 153;
            fonttype = 2;
            fontsize = 5;
            fontratio = 1.5;
            fontstyle = 0;
            fontslant = 0;
            pen = -1;
            oncombine = NONE;
        };

        text _tmp_57
        {
            name = "Text_1";
            x1 = 0;
            y1 = 0;
            x2 = 0;
            y2 = 0;
            string = "--------------------------------------------------------------------------";
            fontname = "Courier New";
            fontcolor = 153;
            fonttype = 2;
            fontsize = 1;
            fontratio = 1;
            fontslant = 0;
            fontstyle = 0;
            angle = 0;
            justify = LEFT;
            pen = -1;
        };

        row _tmp_64
        {
            name = "Row";
            height = 1;
            visibility = TRUE;
            usecolumns = FALSE;
            rule = "if (IsSet(\"STRAND_DEBOND_LEN_FROM_START_1\") || IsSet(\"STRAND_DEBOND_LEN_MIDDLE_TO_START_1\") || IsSet(\"STRAND_DEBOND_LEN_MIDDLE_TO_END_1\") || IsSet(\"STRAND_DEBOND_LEN_FROM_END_1\")) then\n  Output()\nelse\n  StepOver()\nendif";
            contenttype = "SINGLE_STRAND";
            sorttype = DISTINCT;

            valuefield _tmp_65
            {
                name = "NUMBER";
                location = (2, 0);
                formula = "GetValue(\"NUMBER\")";
                datatype = INTEGER;
                class = "";
                cacheable = TRUE;
                justify = RIGHT;
                visibility = TRUE;
                angle = 0;
                length = 4;
                decimals = 0;
                sortdirection = NONE;
                fontname = "Courier New";
                fontcolor = 153;
                fonttype = 2;
                fontsize = 1;
                fontratio = 1;
                fontstyle = 0;
                fontslant = 0;
                pen = 0;
                oncombine = SUM;
            };

            valuefield _tmp_66
            {
                name = "STRAND_DEBOND_LEN_FROM_START";
                location = (8, 0);
                formula = "if GetValue(\"ADVANCED_OPTION.XS_IMPERIAL\")==\"TRUE\" then\nformat(GetValue(\"STRAND_DEBOND_LEN_FROM_START_1\"),\"Length\",\"inch-frac\", 1/16)\nelse\nformat(GetValue(\"STRAND_DEBOND_LEN_FROM_START_1\"),\"Length\",\"mm\", 0)\nendif";
                datatype = STRING;
                class = "";
                cacheable = TRUE;
                justify = RIGHT;
                visibility = TRUE;
                angle = 0;
                length = 12;
                decimals = 0;
                sortdirection = ASCENDING;
                fontname = "Courier New";
                fontcolor = 153;
                fonttype = 2;
                fontsize = 1;
                fontratio = 1;
                fontstyle = 0;
                fontslant = 0;
                pen = 0;
                oncombine = NONE;
            };

            valuefield _tmp_67
            {
                name = "STRAND_DEBOND_LEN_FROM_END";
                location = (59, 0);
                formula = "if GetValue(\"ADVANCED_OPTION.XS_IMPERIAL\")==\"TRUE\" then\nformat(GetValue(\"STRAND_DEBOND_LEN_FROM_END_1\"),\"Length\",\"inch-frac\", 1/16)\nelse\nformat(GetValue(\"STRAND_DEBOND_LEN_FROM_END_1\"),\"Length\",\"mm\", 0)\nendif";
                datatype = STRING;
                class = "";
                cacheable = TRUE;
                justify = RIGHT;
                visibility = TRUE;
                angle = 0;
                length = 12;
                decimals = 0;
                sortdirection = ASCENDING;
                fontname = "Courier New";
                fontcolor = 153;
                fonttype = 2;
                fontsize = 1;
                fontratio = 1;
                fontstyle = 0;
                fontslant = 0;
                pen = 0;
                oncombine = NONE;
            };

            valuefield _tmp_68
            {
                name = "STRAND_DEBOND_LEN_MIDDLE_TO_START";
                location = (25, 0);
                formula = "if GetValue(\"ADVANCED_OPTION.XS_IMPERIAL\")==\"TRUE\" then\nformat(GetValue(\"STRAND_DEBOND_LEN_MIDDLE_TO_START_1\"),\"Length\",\"inch-frac\", 1/16)\nelse\nformat(GetValue(\"STRAND_DEBOND_LEN_MIDDLE_TO_START_1\"),\"Length\",\"mm\", 0)\nendif";
                datatype = STRING;
                class = "";
                cacheable = TRUE;
                justify = RIGHT;
                visibility = TRUE;
                angle = 0;
                length = 12;
                decimals = 0;
                sortdirection = ASCENDING;
                fontname = "Courier New";
                fontcolor = 153;
                fonttype = 2;
                fontsize = 1;
                fontratio = 1;
                fontstyle = 0;
                fontslant = 0;
                pen = 0;
                oncombine = NONE;
            };

            valuefield _tmp_69
            {
                name = "STRAND_DEBOND_LEN_MIDDLE_TO_END";
                location = (42, 0);
                formula = "if GetValue(\"ADVANCED_OPTION.XS_IMPERIAL\")==\"TRUE\" then\nformat(GetValue(\"STRAND_DEBOND_LEN_MIDDLE_TO_END_1\"),\"Length\",\"inch-frac\", 1/16)\nelse\nformat(GetValue(\"STRAND_DEBOND_LEN_MIDDLE_TO_END_1\"),\"Length\",\"mm\", 0)\nendif";
                datatype = STRING;
                class = "";
                cacheable = TRUE;
                justify = RIGHT;
                visibility = TRUE;
                angle = 0;
                length = 12;
                decimals = 0;
                sortdirection = ASCENDING;
                fontname = "Courier New";
                fontcolor = 153;
                fonttype = 2;
                fontsize = 1;
                fontratio = 1;
                fontstyle = 0;
                fontslant = 0;
                pen = 0;
                oncombine = NONE;
            };
        };
    };
};
